DeclList -> 
Type -> void
Formals -> 
StmtList -> 
Type -> int
Variable -> Type identifier
VariableDecl -> Variable ;
Stmt -> VariableDecl
StmtList -> StmtList Stmt
Type -> int
Variable -> Type identifier
VariableDecl -> Variable ;
Stmt -> VariableDecl
StmtList -> StmtList Stmt
OptReceiver -> 
LValue -> OptReceiver identifier ++
Expr -> LValue
SimpleStmt -> Expr
Stmt -> SimpleStmt ;
StmtList -> StmtList Stmt
OptReceiver -> 
LValue -> OptReceiver identifier
OptReceiver -> 
LValue -> OptReceiver identifier --
Expr -> LValue
SimpleStmt -> LValue = Expr
Stmt -> SimpleStmt ;
StmtList -> StmtList Stmt
OptReceiver -> 
LValue -> OptReceiver identifier
OptReceiver -> 
LValue -> OptReceiver identifier ++
Expr -> LValue
OptReceiver -> 
LValue -> OptReceiver identifier
Expr -> LValue
Expr -> Expr + Expr
SimpleStmt -> LValue = Expr
Stmt -> SimpleStmt ;
StmtList -> StmtList Stmt
StmtBlock -> { StmtList }
FunctionDefn -> Type identifier ( Formals ) StmtBlock
Decl -> FunctionDefn
DeclList -> DeclList Decl
Program -> DeclList
