DeclList -> 
OptExtends -> 
FieldList -> 
Type -> int
Variable -> Type identifier
VariableDecl -> Variable ;
Field -> VariableDecl
FieldList -> FieldList Field
Type -> class identifier
Variable -> Type identifier
VariableDecl -> Variable ;
Field -> VariableDecl
FieldList -> FieldList Field
Type -> void
Type -> int
Variable -> Type identifier
VariableList -> Variable
Type -> class identifier
Variable -> Type identifier
VariableList -> VariableList , Variable
Formals -> VariableList
StmtList ->
OptReceiver ->
LValue -> OptReceiver identifier
OptReceiver ->
LValue -> OptReceiver identifier
Expr -> LValue
SimpleStmt -> LValue = Expr
Stmt -> SimpleStmt ;
StmtList -> StmtList Stmt
OptReceiver ->
LValue -> OptReceiver identifier
OptReceiver ->
LValue -> OptReceiver identifier
Expr -> LValue
SimpleStmt -> LValue = Expr
Stmt -> SimpleStmt ;
StmtList -> StmtList Stmt
StmtBlock -> { StmtList }
FunctionDefn -> Type identifier ( Formals ) StmtBlock
Field -> FunctionDefn
FieldList -> FieldList Field
Type -> int
Formals -> 
StmtList ->
OptReceiver ->
LValue -> OptReceiver identifier
Expr -> LValue
ReturnStmt -> return Expr
Stmt -> ReturnStmt ;
StmtList -> StmtList Stmt
StmtBlock -> { StmtList }
FunctionDefn -> Type identifier ( Formals ) StmtBlock
Field -> FunctionDefn
FieldList -> FieldList Field
Type -> class identifier
Formals -> 
StmtList ->
OptReceiver ->
LValue -> OptReceiver identifier
Expr -> LValue
ReturnStmt -> return Expr
Stmt -> ReturnStmt ;
StmtList -> StmtList Stmt
StmtBlock -> { StmtList }
FunctionDefn -> Type identifier ( Formals ) StmtBlock
Field -> FunctionDefn
FieldList -> FieldList Field
ClassDefn -> class identifier OptExtends { FieldList }
Decl -> ClassDefn
DeclList -> DeclList Decl
OptExtends -> extends identifier
FieldList -> 
Type -> bool
Variable -> Type identifier
VariableDecl -> Variable ;
Field -> VariableDecl
FieldList -> FieldList Field
Type -> void
Type -> int
Variable -> Type identifier
VariableList -> Variable
Type -> class identifier
Variable -> Type identifier
VariableList -> VariableList , Variable
Type -> bool
Variable -> Type identifier
VariableList -> VariableList , Variable
Formals -> VariableList
StmtList ->
OptReceiver ->
LValue -> OptReceiver identifier
OptReceiver ->
LValue -> OptReceiver identifier
Expr -> LValue
SimpleStmt -> LValue = Expr
Stmt -> SimpleStmt ;
StmtList -> StmtList Stmt
OptReceiver ->
OptReceiver ->
LValue -> OptReceiver identifier
Expr -> LValue
ExprList -> Expr
OptReceiver ->
LValue -> OptReceiver identifier
Expr -> LValue
ExprList -> ExprList , Expr
Actuals -> ExprList
Call -> OptReceiver identifier ( Actuals )
Expr -> Call
SimpleStmt -> Expr
Stmt -> SimpleStmt ;
StmtList -> StmtList Stmt
StmtBlock -> { StmtList }
FunctionDefn -> Type identifier ( Formals ) StmtBlock
Field -> FunctionDefn
FieldList -> FieldList Field
Type -> bool
Formals -> 
StmtList ->
OptReceiver ->
LValue -> OptReceiver identifier
Expr -> LValue
ReturnStmt -> return Expr
Stmt -> ReturnStmt ;
StmtList -> StmtList Stmt
StmtBlock -> { StmtList }
FunctionDefn -> Type identifier ( Formals ) StmtBlock
Field -> FunctionDefn
FieldList -> FieldList Field
ClassDefn -> class identifier OptExtends { FieldList }
Decl -> ClassDefn
DeclList -> DeclList Decl
Type -> void
Formals -> 
StmtList ->
Type -> class identifier
Variable -> Type identifier
VariableDecl -> Variable ;
Stmt -> VariableDecl
StmtList -> StmtList Stmt
Type -> class identifier
Variable -> Type identifier
VariableDecl -> Variable ;
Stmt -> VariableDecl
StmtList -> StmtList Stmt
OptReceiver ->
LValue -> OptReceiver identifier
Expr -> New ( identifier )
SimpleStmt -> LValue = Expr
Stmt -> SimpleStmt ;
StmtList -> StmtList Stmt
OptReceiver ->
LValue -> OptReceiver identifier
Expr -> LValue
OptReceiver -> Expr .
Constant -> intConstant
Expr -> Constant
ExprList -> Expr
Constant -> null
Expr -> Constant
ExprList -> ExprList , Expr
Constant -> boolConstant
Expr -> Constant
ExprList -> ExprList , Expr
Actuals -> ExprList
Call -> OptReceiver identifier ( Actuals )
Expr -> Call
SimpleStmt -> Expr
Stmt -> SimpleStmt ;
StmtList -> StmtList Stmt
OptReceiver ->
LValue -> OptReceiver identifier
OptReceiver ->
LValue -> OptReceiver identifier
Expr -> LValue
SimpleStmt -> LValue = Expr
Stmt -> SimpleStmt ;
StmtList -> StmtList Stmt
OptReceiver ->
LValue -> OptReceiver identifier
Expr -> LValue
OptReceiver -> Expr .
Actuals ->
Call -> OptReceiver identifier ( Actuals )
Expr -> Call
SimpleStmt -> Expr
Stmt -> SimpleStmt ;
StmtList -> StmtList Stmt
StmtBlock -> { StmtList }
FunctionDefn -> Type identifier ( Formals ) StmtBlock
Decl -> FunctionDefn
DeclList -> DeclList Decl
Program -> DeclList
