DeclList -> 
OptExtends -> 
FieldList -> 
Type -> void
Formals -> 
StmtList ->
StmtBlock -> { StmtList }
FunctionDefn -> Type identifier ( Formals ) StmtBlock
Field -> FunctionDefn
FieldList -> FieldList Field
Type -> void
Type -> int
Variable -> Type identifier
VariableList -> Variable
Type -> int
Variable -> Type identifier
VariableList -> VariableList , Variable
Type -> int
Variable -> Type identifier
VariableList -> VariableList , Variable
Formals -> VariableList
StmtList ->
StmtBlock -> { StmtList }
FunctionDefn -> Type identifier ( Formals ) StmtBlock
Field -> FunctionDefn
FieldList -> FieldList Field
Type -> int
Type -> int
Variable -> Type identifier
VariableList -> Variable
Type -> int
Variable -> Type identifier
VariableList -> VariableList , Variable
Formals -> VariableList
StmtList ->
StmtBlock -> { StmtList }
FunctionDefn -> Type identifier ( Formals ) StmtBlock
Field -> FunctionDefn
FieldList -> FieldList Field
Type -> void
Formals -> 
StmtList ->
Type -> int
Variable -> Type identifier
VariableDecl -> Variable ;
Stmt -> VariableDecl
StmtList -> StmtList Stmt
Type -> int
Variable -> Type identifier
VariableDecl -> Variable ;
Stmt -> VariableDecl
StmtList -> StmtList Stmt
OptReceiver ->
LValue -> OptReceiver identifier
Constant -> intConstant
Expr -> Constant
SimpleStmt -> LValue = Expr
Stmt -> SimpleStmt ;
StmtList -> StmtList Stmt
OptReceiver ->
LValue -> OptReceiver identifier
Expr -> LValue
Constant -> intConstant
Expr -> Constant
Expr -> Expr < Expr
BoolExpr -> Expr
StmtList ->
OptReceiver ->
LValue -> OptReceiver identifier
Constant -> intConstant
Expr -> Constant
SimpleStmt -> LValue = Expr
Stmt -> SimpleStmt ;
StmtList -> StmtList Stmt
OptReceiver ->
LValue -> OptReceiver identifier
Expr -> LValue
Constant -> intConstant
Expr -> Constant
Expr -> Expr < Expr
BoolExpr -> Expr
StmtList ->
Expr -> this
OptReceiver -> Expr .
OptReceiver ->
LValue -> OptReceiver identifier
Expr -> LValue
ExprList -> Expr
OptReceiver ->
LValue -> OptReceiver identifier
Expr -> LValue
ExprList -> ExprList , Expr
Actuals -> ExprList
Call -> OptReceiver identifier ( Actuals )
Expr -> Call
ExprList -> Expr
Constant -> stringConstant
Expr -> Constant
ExprList -> ExprList , Expr
PrintStmt -> Print ( ExprList )
Stmt -> PrintStmt ;
StmtList -> StmtList Stmt
OptReceiver ->
LValue -> OptReceiver identifier
OptReceiver ->
LValue -> OptReceiver identifier
Expr -> LValue
Constant -> intConstant
Expr -> Constant
Expr -> Expr + Expr
SimpleStmt -> LValue = Expr
Stmt -> SimpleStmt ;
StmtList -> StmtList Stmt
StmtBlock -> { StmtList }
Stmt -> StmtBlock
WhileStmt -> while ( BoolExpr ) Stmt
Stmt -> WhileStmt
StmtList -> StmtList Stmt
OptReceiver ->
LValue -> OptReceiver identifier
OptReceiver ->
LValue -> OptReceiver identifier
Expr -> LValue
Constant -> intConstant
Expr -> Constant
Expr -> Expr + Expr
SimpleStmt -> LValue = Expr
Stmt -> SimpleStmt ;
StmtList -> StmtList Stmt
Constant -> stringConstant
Expr -> Constant
ExprList -> Expr
PrintStmt -> Print ( ExprList )
Stmt -> PrintStmt ;
StmtList -> StmtList Stmt
StmtBlock -> { StmtList }
Stmt -> StmtBlock
WhileStmt -> while ( BoolExpr ) Stmt
Stmt -> WhileStmt
StmtList -> StmtList Stmt
StmtBlock -> { StmtList }
FunctionDefn -> Type identifier ( Formals ) StmtBlock
Field -> FunctionDefn
FieldList -> FieldList Field
Type -> void
Formals -> 
StmtList ->
Type -> int
Variable -> Type identifier
VariableDecl -> Variable ;
Stmt -> VariableDecl
StmtList -> StmtList Stmt
Type -> int
Variable -> Type identifier
VariableDecl -> Variable ;
Stmt -> VariableDecl
StmtList -> StmtList Stmt
OptReceiver ->
LValue -> OptReceiver identifier
Constant -> intConstant
Expr -> Constant
SimpleStmt -> LValue = Expr
Stmt -> SimpleStmt ;
StmtList -> StmtList Stmt
OptReceiver ->
LValue -> OptReceiver identifier
Expr -> LValue
Constant -> intConstant
Expr -> Constant
Expr -> Expr < Expr
BoolExpr -> Expr
StmtList ->
OptReceiver ->
LValue -> OptReceiver identifier
Constant -> intConstant
Expr -> Constant
SimpleStmt -> LValue = Expr
Stmt -> SimpleStmt ;
StmtList -> StmtList Stmt
OptReceiver ->
LValue -> OptReceiver identifier
Expr -> LValue
Constant -> intConstant
Expr -> Constant
Expr -> Expr < Expr
BoolExpr -> Expr
StmtList ->
Expr -> this
OptReceiver -> Expr .
OptReceiver ->
LValue -> OptReceiver identifier
Expr -> LValue
ExprList -> Expr
OptReceiver ->
LValue -> OptReceiver identifier
Expr -> LValue
ExprList -> ExprList , Expr
OptReceiver ->
LValue -> OptReceiver identifier
Expr -> LValue
OptReceiver ->
LValue -> OptReceiver identifier
Expr -> LValue
Expr -> Expr + Expr
ExprList -> ExprList , Expr
Actuals -> ExprList
Call -> OptReceiver identifier ( Actuals )
Expr -> Call
SimpleStmt -> Expr
Stmt -> SimpleStmt ;
StmtList -> StmtList Stmt
OptReceiver ->
LValue -> OptReceiver identifier
OptReceiver ->
LValue -> OptReceiver identifier
Expr -> LValue
Constant -> intConstant
Expr -> Constant
Expr -> Expr + Expr
SimpleStmt -> LValue = Expr
Stmt -> SimpleStmt ;
StmtList -> StmtList Stmt
StmtBlock -> { StmtList }
Stmt -> StmtBlock
WhileStmt -> while ( BoolExpr ) Stmt
Stmt -> WhileStmt
StmtList -> StmtList Stmt
OptReceiver ->
LValue -> OptReceiver identifier
OptReceiver ->
LValue -> OptReceiver identifier
Expr -> LValue
Constant -> intConstant
Expr -> Constant
Expr -> Expr + Expr
SimpleStmt -> LValue = Expr
Stmt -> SimpleStmt ;
StmtList -> StmtList Stmt
StmtBlock -> { StmtList }
Stmt -> StmtBlock
WhileStmt -> while ( BoolExpr ) Stmt
Stmt -> WhileStmt
StmtList -> StmtList Stmt
Expr -> this
OptReceiver -> Expr .
Constant -> intConstant
Expr -> Constant
ExprList -> Expr
Constant -> intConstant
Expr -> Constant
ExprList -> ExprList , Expr
Constant -> intConstant
Expr -> Constant
ExprList -> ExprList , Expr
Actuals -> ExprList
Call -> OptReceiver identifier ( Actuals )
Expr -> Call
SimpleStmt -> Expr
Stmt -> SimpleStmt ;
StmtList -> StmtList Stmt
Expr -> this
OptReceiver -> Expr .
Constant -> intConstant
Expr -> Constant
ExprList -> Expr
Constant -> intConstant
Expr -> Constant
ExprList -> ExprList , Expr
Constant -> intConstant
Expr -> Constant
ExprList -> ExprList , Expr
Actuals -> ExprList
Call -> OptReceiver identifier ( Actuals )
Expr -> Call
SimpleStmt -> Expr
Stmt -> SimpleStmt ;
StmtList -> StmtList Stmt
Expr -> this
OptReceiver -> Expr .
Constant -> intConstant
Expr -> Constant
ExprList -> Expr
Constant -> intConstant
Expr -> Constant
ExprList -> ExprList , Expr
Constant -> intConstant
Expr -> Constant
ExprList -> ExprList , Expr
Actuals -> ExprList
Call -> OptReceiver identifier ( Actuals )
Expr -> Call
SimpleStmt -> Expr
Stmt -> SimpleStmt ;
StmtList -> StmtList Stmt
Expr -> this
OptReceiver -> Expr .
Constant -> intConstant
Expr -> Constant
ExprList -> Expr
Constant -> intConstant
Expr -> Constant
ExprList -> ExprList , Expr
Constant -> intConstant
Expr -> Constant
ExprList -> ExprList , Expr
Actuals -> ExprList
Call -> OptReceiver identifier ( Actuals )
Expr -> Call
SimpleStmt -> Expr
Stmt -> SimpleStmt ;
StmtList -> StmtList Stmt
Expr -> this
OptReceiver -> Expr .
Constant -> intConstant
Expr -> Constant
ExprList -> Expr
Constant -> intConstant
Expr -> Constant
ExprList -> ExprList , Expr
Constant -> intConstant
Expr -> Constant
ExprList -> ExprList , Expr
Actuals -> ExprList
Call -> OptReceiver identifier ( Actuals )
Expr -> Call
SimpleStmt -> Expr
Stmt -> SimpleStmt ;
StmtList -> StmtList Stmt
Expr -> this
OptReceiver -> Expr .
Constant -> intConstant
Expr -> Constant
ExprList -> Expr
Constant -> intConstant
Expr -> Constant
ExprList -> ExprList , Expr
Constant -> intConstant
Expr -> Constant
ExprList -> ExprList , Expr
Actuals -> ExprList
Call -> OptReceiver identifier ( Actuals )
Expr -> Call
SimpleStmt -> Expr
Stmt -> SimpleStmt ;
StmtList -> StmtList Stmt
StmtBlock -> { StmtList }
FunctionDefn -> Type identifier ( Formals ) StmtBlock
Field -> FunctionDefn
FieldList -> FieldList Field
ClassDefn -> class identifier OptExtends { FieldList }
Decl -> ClassDefn
DeclList -> DeclList Decl
OptExtends -> extends identifier
FieldList -> 
Type -> int
Type -> Type [ ]
Type -> Type [ ]
Variable -> Type identifier
VariableDecl -> Variable ;
Field -> VariableDecl
FieldList -> FieldList Field
Type -> void
Formals -> 
StmtList ->
Type -> int
Variable -> Type identifier
VariableDecl -> Variable ;
Stmt -> VariableDecl
StmtList -> StmtList Stmt
Type -> int
Variable -> Type identifier
VariableDecl -> Variable ;
Stmt -> VariableDecl
StmtList -> StmtList Stmt
OptReceiver ->
LValue -> OptReceiver identifier
Constant -> intConstant
Expr -> Constant
SimpleStmt -> LValue = Expr
Stmt -> SimpleStmt ;
StmtList -> StmtList Stmt
Expr -> this
OptReceiver -> Expr .
LValue -> OptReceiver identifier
Constant -> intConstant
Expr -> Constant
Type -> int
Type -> Type [ ]
Expr -> NewArray ( Expr , Type )
SimpleStmt -> LValue = Expr
Stmt -> SimpleStmt ;
StmtList -> StmtList Stmt
OptReceiver ->
LValue -> OptReceiver identifier
Expr -> LValue
Constant -> intConstant
Expr -> Constant
Expr -> Expr < Expr
BoolExpr -> Expr
StmtList ->
Expr -> this
OptReceiver -> Expr .
LValue -> OptReceiver identifier
Expr -> LValue
OptReceiver ->
LValue -> OptReceiver identifier
Expr -> LValue
LValue -> Expr [ Expr ]
Constant -> intConstant
Expr -> Constant
Type -> int
Expr -> NewArray ( Expr , Type )
SimpleStmt -> LValue = Expr
Stmt -> SimpleStmt ;
StmtList -> StmtList Stmt
OptReceiver ->
LValue -> OptReceiver identifier
OptReceiver ->
LValue -> OptReceiver identifier
Expr -> LValue
Constant -> intConstant
Expr -> Constant
Expr -> Expr + Expr
SimpleStmt -> LValue = Expr
Stmt -> SimpleStmt ;
StmtList -> StmtList Stmt
StmtBlock -> { StmtList }
Stmt -> StmtBlock
WhileStmt -> while ( BoolExpr ) Stmt
Stmt -> WhileStmt
StmtList -> StmtList Stmt
OptReceiver ->
LValue -> OptReceiver identifier
Constant -> intConstant
Expr -> Constant
SimpleStmt -> LValue = Expr
Stmt -> SimpleStmt ;
StmtList -> StmtList Stmt
OptReceiver ->
LValue -> OptReceiver identifier
Expr -> LValue
Constant -> intConstant
Expr -> Constant
Expr -> Expr < Expr
BoolExpr -> Expr
StmtList ->
OptReceiver ->
LValue -> OptReceiver identifier
Constant -> intConstant
Expr -> Constant
SimpleStmt -> LValue = Expr
Stmt -> SimpleStmt ;
StmtList -> StmtList Stmt
OptReceiver ->
LValue -> OptReceiver identifier
Expr -> LValue
Constant -> intConstant
Expr -> Constant
Expr -> Expr < Expr
BoolExpr -> Expr
StmtList ->
Expr -> this
OptReceiver -> Expr .
LValue -> OptReceiver identifier
Expr -> LValue
OptReceiver ->
LValue -> OptReceiver identifier
Expr -> LValue
LValue -> Expr [ Expr ]
Expr -> LValue
OptReceiver ->
LValue -> OptReceiver identifier
Expr -> LValue
LValue -> Expr [ Expr ]
Constant -> intConstant
Expr -> Constant
SimpleStmt -> LValue = Expr
Stmt -> SimpleStmt ;
StmtList -> StmtList Stmt
OptReceiver ->
LValue -> OptReceiver identifier
OptReceiver ->
LValue -> OptReceiver identifier
Expr -> LValue
Constant -> intConstant
Expr -> Constant
Expr -> Expr + Expr
SimpleStmt -> LValue = Expr
Stmt -> SimpleStmt ;
StmtList -> StmtList Stmt
StmtBlock -> { StmtList }
Stmt -> StmtBlock
WhileStmt -> while ( BoolExpr ) Stmt
Stmt -> WhileStmt
StmtList -> StmtList Stmt
OptReceiver ->
LValue -> OptReceiver identifier
OptReceiver ->
LValue -> OptReceiver identifier
Expr -> LValue
Constant -> intConstant
Expr -> Constant
Expr -> Expr + Expr
SimpleStmt -> LValue = Expr
Stmt -> SimpleStmt ;
StmtList -> StmtList Stmt
StmtBlock -> { StmtList }
Stmt -> StmtBlock
WhileStmt -> while ( BoolExpr ) Stmt
Stmt -> WhileStmt
StmtList -> StmtList Stmt
StmtBlock -> { StmtList }
FunctionDefn -> Type identifier ( Formals ) StmtBlock
Field -> FunctionDefn
FieldList -> FieldList Field
Type -> void
Type -> int
Variable -> Type identifier
VariableList -> Variable
Type -> int
Variable -> Type identifier
VariableList -> VariableList , Variable
Type -> int
Variable -> Type identifier
VariableList -> VariableList , Variable
Formals -> VariableList
StmtList ->
Expr -> this
OptReceiver -> Expr .
LValue -> OptReceiver identifier
Expr -> LValue
OptReceiver ->
LValue -> OptReceiver identifier
Expr -> LValue
LValue -> Expr [ Expr ]
Expr -> LValue
OptReceiver ->
LValue -> OptReceiver identifier
Expr -> LValue
LValue -> Expr [ Expr ]
OptReceiver ->
LValue -> OptReceiver identifier
Expr -> LValue
SimpleStmt -> LValue = Expr
Stmt -> SimpleStmt ;
StmtList -> StmtList Stmt
StmtBlock -> { StmtList }
FunctionDefn -> Type identifier ( Formals ) StmtBlock
Field -> FunctionDefn
FieldList -> FieldList Field
Type -> int
Type -> int
Variable -> Type identifier
VariableList -> Variable
Type -> int
Variable -> Type identifier
VariableList -> VariableList , Variable
Formals -> VariableList
StmtList ->
Expr -> this
OptReceiver -> Expr .
LValue -> OptReceiver identifier
Expr -> LValue
OptReceiver ->
LValue -> OptReceiver identifier
Expr -> LValue
LValue -> Expr [ Expr ]
Expr -> LValue
OptReceiver ->
LValue -> OptReceiver identifier
Expr -> LValue
LValue -> Expr [ Expr ]
Expr -> LValue
ReturnStmt -> return Expr
Stmt -> ReturnStmt ;
StmtList -> StmtList Stmt
StmtBlock -> { StmtList }
FunctionDefn -> Type identifier ( Formals ) StmtBlock
Field -> FunctionDefn
FieldList -> FieldList Field
ClassDefn -> class identifier OptExtends { FieldList }
Decl -> ClassDefn
DeclList -> DeclList Decl
OptExtends -> 
FieldList -> 
Type -> int
Variable -> Type identifier
VariableDecl -> Variable ;
Field -> VariableDecl
FieldList -> FieldList Field
Type -> int
Variable -> Type identifier
VariableDecl -> Variable ;
Field -> VariableDecl
FieldList -> FieldList Field
Type -> class identifier
Variable -> Type identifier
VariableDecl -> Variable ;
Field -> VariableDecl
FieldList -> FieldList Field
Type -> void
Type -> int
Variable -> Type identifier
VariableList -> Variable
Type -> int
Variable -> Type identifier
VariableList -> VariableList , Variable
Type -> class identifier
Variable -> Type identifier
VariableList -> VariableList , Variable
Formals -> VariableList
StmtList ->
Expr -> this
OptReceiver -> Expr .
LValue -> OptReceiver identifier
OptReceiver ->
LValue -> OptReceiver identifier
Expr -> LValue
SimpleStmt -> LValue = Expr
Stmt -> SimpleStmt ;
StmtList -> StmtList Stmt
Expr -> this
OptReceiver -> Expr .
LValue -> OptReceiver identifier
OptReceiver ->
LValue -> OptReceiver identifier
Expr -> LValue
SimpleStmt -> LValue = Expr
Stmt -> SimpleStmt ;
StmtList -> StmtList Stmt
Expr -> this
OptReceiver -> Expr .
LValue -> OptReceiver identifier
OptReceiver ->
LValue -> OptReceiver identifier
Expr -> LValue
SimpleStmt -> LValue = Expr
Stmt -> SimpleStmt ;
StmtList -> StmtList Stmt
StmtBlock -> { StmtList }
FunctionDefn -> Type identifier ( Formals ) StmtBlock
Field -> FunctionDefn
FieldList -> FieldList Field
Type -> class identifier
Formals -> 
StmtList ->
OptReceiver ->
LValue -> OptReceiver identifier
Expr -> LValue
ReturnStmt -> return Expr
Stmt -> ReturnStmt ;
StmtList -> StmtList Stmt
StmtBlock -> { StmtList }
FunctionDefn -> Type identifier ( Formals ) StmtBlock
Field -> FunctionDefn
FieldList -> FieldList Field
Type -> int
Formals -> 
StmtList ->
OptReceiver ->
LValue -> OptReceiver identifier
Expr -> LValue
ReturnStmt -> return Expr
Stmt -> ReturnStmt ;
StmtList -> StmtList Stmt
StmtBlock -> { StmtList }
FunctionDefn -> Type identifier ( Formals ) StmtBlock
Field -> FunctionDefn
FieldList -> FieldList Field
Type -> int
Formals -> 
StmtList ->
OptReceiver ->
LValue -> OptReceiver identifier
Expr -> LValue
ReturnStmt -> return Expr
Stmt -> ReturnStmt ;
StmtList -> StmtList Stmt
StmtBlock -> { StmtList }
FunctionDefn -> Type identifier ( Formals ) StmtBlock
Field -> FunctionDefn
FieldList -> FieldList Field
Type -> void
Type -> int
Variable -> Type identifier
VariableList -> Variable
Formals -> VariableList
StmtList ->
OptReceiver ->
LValue -> OptReceiver identifier
OptReceiver ->
LValue -> OptReceiver identifier
Expr -> LValue
SimpleStmt -> LValue = Expr
Stmt -> SimpleStmt ;
StmtList -> StmtList Stmt
StmtBlock -> { StmtList }
FunctionDefn -> Type identifier ( Formals ) StmtBlock
Field -> FunctionDefn
FieldList -> FieldList Field
ClassDefn -> class identifier OptExtends { FieldList }
Decl -> ClassDefn
DeclList -> DeclList Decl
OptExtends -> extends identifier
FieldList -> 
Type -> class identifier
Type -> Type [ ]
Variable -> Type identifier
VariableDecl -> Variable ;
Field -> VariableDecl
FieldList -> FieldList Field
Type -> void
Formals -> 
StmtList ->
Type -> int
Variable -> Type identifier
VariableDecl -> Variable ;
Stmt -> VariableDecl
StmtList -> StmtList Stmt
OptReceiver ->
LValue -> OptReceiver identifier
Constant -> intConstant
Expr -> Constant
SimpleStmt -> LValue = Expr
Stmt -> SimpleStmt ;
StmtList -> StmtList Stmt
Expr -> this
OptReceiver -> Expr .
LValue -> OptReceiver identifier
Constant -> intConstant
Expr -> Constant
Type -> class identifier
Expr -> NewArray ( Expr , Type )
SimpleStmt -> LValue = Expr
Stmt -> SimpleStmt ;
StmtList -> StmtList Stmt
OptReceiver ->
LValue -> OptReceiver identifier
Expr -> LValue
Constant -> intConstant
Expr -> Constant
Expr -> Expr < Expr
BoolExpr -> Expr
StmtList ->
Expr -> this
OptReceiver -> Expr .
LValue -> OptReceiver identifier
Expr -> LValue
OptReceiver ->
LValue -> OptReceiver identifier
Expr -> LValue
LValue -> Expr [ Expr ]
Constant -> null
Expr -> Constant
SimpleStmt -> LValue = Expr
Stmt -> SimpleStmt ;
StmtList -> StmtList Stmt
OptReceiver ->
LValue -> OptReceiver identifier
OptReceiver ->
LValue -> OptReceiver identifier
Expr -> LValue
Constant -> intConstant
Expr -> Constant
Expr -> Expr + Expr
SimpleStmt -> LValue = Expr
Stmt -> SimpleStmt ;
StmtList -> StmtList Stmt
StmtBlock -> { StmtList }
Stmt -> StmtBlock
WhileStmt -> while ( BoolExpr ) Stmt
Stmt -> WhileStmt
StmtList -> StmtList Stmt
StmtBlock -> { StmtList }
FunctionDefn -> Type identifier ( Formals ) StmtBlock
Field -> FunctionDefn
FieldList -> FieldList Field
Type -> class identifier
Type -> int
Variable -> Type identifier
VariableList -> Variable
Type -> int
Variable -> Type identifier
VariableList -> VariableList , Variable
Formals -> VariableList
StmtList ->
Type -> class identifier
Variable -> Type identifier
VariableDecl -> Variable ;
Stmt -> VariableDecl
StmtList -> StmtList Stmt
OptReceiver ->
LValue -> OptReceiver identifier
Expr -> this
OptReceiver -> Expr .
LValue -> OptReceiver identifier
Expr -> LValue
OptReceiver ->
LValue -> OptReceiver identifier
Expr -> LValue
LValue -> Expr [ Expr ]
Expr -> LValue
SimpleStmt -> LValue = Expr
Stmt -> SimpleStmt ;
StmtList -> StmtList Stmt
OptReceiver ->
LValue -> OptReceiver identifier
Expr -> LValue
Constant -> null
Expr -> Constant
Expr -> Expr != Expr
BoolExpr -> Expr
StmtList ->
OptReceiver ->
LValue -> OptReceiver identifier
Expr -> LValue
OptReceiver -> Expr .
Actuals ->
Call -> OptReceiver identifier ( Actuals )
Expr -> Call
OptReceiver ->
LValue -> OptReceiver identifier
Expr -> LValue
Expr -> Expr == Expr
BoolExpr -> Expr
StmtList ->
OptReceiver ->
LValue -> OptReceiver identifier
Expr -> LValue
ReturnStmt -> return Expr
Stmt -> ReturnStmt ;
StmtList -> StmtList Stmt
StmtBlock -> { StmtList }
Stmt -> StmtBlock
OptElse ->
IfStmt -> if ( BoolExpr ) Stmt OptElse
Stmt -> IfStmt
StmtList -> StmtList Stmt
OptReceiver ->
LValue -> OptReceiver identifier
OptReceiver ->
LValue -> OptReceiver identifier
Expr -> LValue
OptReceiver -> Expr .
Actuals ->
Call -> OptReceiver identifier ( Actuals )
Expr -> Call
SimpleStmt -> LValue = Expr
Stmt -> SimpleStmt ;
StmtList -> StmtList Stmt
StmtBlock -> { StmtList }
Stmt -> StmtBlock
WhileStmt -> while ( BoolExpr ) Stmt
Stmt -> WhileStmt
StmtList -> StmtList Stmt
Constant -> null
Expr -> Constant
ReturnStmt -> return Expr
Stmt -> ReturnStmt ;
StmtList -> StmtList Stmt
StmtBlock -> { StmtList }
FunctionDefn -> Type identifier ( Formals ) StmtBlock
Field -> FunctionDefn
FieldList -> FieldList Field
Type -> void
Type -> int
Variable -> Type identifier
VariableList -> Variable
Type -> int
Variable -> Type identifier
VariableList -> VariableList , Variable
Type -> int
Variable -> Type identifier
VariableList -> VariableList , Variable
Formals -> VariableList
StmtList ->
Type -> class identifier
Variable -> Type identifier
VariableDecl -> Variable ;
Stmt -> VariableDecl
StmtList -> StmtList Stmt
OptReceiver ->
LValue -> OptReceiver identifier
Expr -> this
OptReceiver -> Expr .
OptReceiver ->
LValue -> OptReceiver identifier
Expr -> LValue
ExprList -> Expr
OptReceiver ->
LValue -> OptReceiver identifier
Expr -> LValue
ExprList -> ExprList , Expr
Actuals -> ExprList
Call -> OptReceiver identifier ( Actuals )
Expr -> Call
SimpleStmt -> LValue = Expr
Stmt -> SimpleStmt ;
StmtList -> StmtList Stmt
OptReceiver ->
LValue -> OptReceiver identifier
Expr -> LValue
Constant -> null
Expr -> Constant
Expr -> Expr != Expr
BoolExpr -> Expr
StmtList ->
OptReceiver ->
LValue -> OptReceiver identifier
Expr -> LValue
OptReceiver -> Expr .
OptReceiver ->
LValue -> OptReceiver identifier
Expr -> LValue
ExprList -> Expr
Actuals -> ExprList
Call -> OptReceiver identifier ( Actuals )
Expr -> Call
SimpleStmt -> Expr
Stmt -> SimpleStmt ;
StmtList -> StmtList Stmt
StmtBlock -> { StmtList }
Stmt -> StmtBlock
StmtList ->
OptReceiver ->
LValue -> OptReceiver identifier
Expr -> New ( identifier )
SimpleStmt -> LValue = Expr
Stmt -> SimpleStmt ;
StmtList -> StmtList Stmt
OptReceiver ->
LValue -> OptReceiver identifier
Expr -> LValue
OptReceiver -> Expr .
OptReceiver ->
LValue -> OptReceiver identifier
Expr -> LValue
ExprList -> Expr
OptReceiver ->
LValue -> OptReceiver identifier
Expr -> LValue
ExprList -> ExprList , Expr
Expr -> this
OptReceiver -> Expr .
LValue -> OptReceiver identifier
Expr -> LValue
OptReceiver ->
LValue -> OptReceiver identifier
Expr -> LValue
LValue -> Expr [ Expr ]
Expr -> LValue
ExprList -> ExprList , Expr
Actuals -> ExprList
Call -> OptReceiver identifier ( Actuals )
Expr -> Call
SimpleStmt -> Expr
Stmt -> SimpleStmt ;
StmtList -> StmtList Stmt
Expr -> this
OptReceiver -> Expr .
LValue -> OptReceiver identifier
Expr -> LValue
OptReceiver ->
LValue -> OptReceiver identifier
Expr -> LValue
LValue -> Expr [ Expr ]
OptReceiver ->
LValue -> OptReceiver identifier
Expr -> LValue
SimpleStmt -> LValue = Expr
Stmt -> SimpleStmt ;
StmtList -> StmtList Stmt
StmtBlock -> { StmtList }
Stmt -> StmtBlock
OptElse -> else Stmt
IfStmt -> if ( BoolExpr ) Stmt OptElse
Stmt -> IfStmt
StmtList -> StmtList Stmt
StmtBlock -> { StmtList }
FunctionDefn -> Type identifier ( Formals ) StmtBlock
Field -> FunctionDefn
FieldList -> FieldList Field
Type -> int
Type -> int
Variable -> Type identifier
VariableList -> Variable
Type -> int
Variable -> Type identifier
VariableList -> VariableList , Variable
Formals -> VariableList
StmtList ->
Type -> class identifier
Variable -> Type identifier
VariableDecl -> Variable ;
Stmt -> VariableDecl
StmtList -> StmtList Stmt
OptReceiver ->
LValue -> OptReceiver identifier
Expr -> this
OptReceiver -> Expr .
OptReceiver ->
LValue -> OptReceiver identifier
Expr -> LValue
ExprList -> Expr
OptReceiver ->
LValue -> OptReceiver identifier
Expr -> LValue
ExprList -> ExprList , Expr
Actuals -> ExprList
Call -> OptReceiver identifier ( Actuals )
Expr -> Call
SimpleStmt -> LValue = Expr
Stmt -> SimpleStmt ;
StmtList -> StmtList Stmt
OptReceiver ->
LValue -> OptReceiver identifier
Expr -> LValue
Constant -> null
Expr -> Constant
Expr -> Expr != Expr
BoolExpr -> Expr
StmtList ->
OptReceiver ->
LValue -> OptReceiver identifier
Expr -> LValue
OptReceiver -> Expr .
Actuals ->
Call -> OptReceiver identifier ( Actuals )
Expr -> Call
ReturnStmt -> return Expr
Stmt -> ReturnStmt ;
StmtList -> StmtList Stmt
StmtBlock -> { StmtList }
Stmt -> StmtBlock
StmtList ->
Constant -> intConstant
Expr -> Constant
ReturnStmt -> return Expr
Stmt -> ReturnStmt ;
StmtList -> StmtList Stmt
StmtBlock -> { StmtList }
Stmt -> StmtBlock
OptElse -> else Stmt
IfStmt -> if ( BoolExpr ) Stmt OptElse
Stmt -> IfStmt
StmtList -> StmtList Stmt
StmtBlock -> { StmtList }
FunctionDefn -> Type identifier ( Formals ) StmtBlock
Field -> FunctionDefn
FieldList -> FieldList Field
ClassDefn -> class identifier OptExtends { FieldList }
Decl -> ClassDefn
DeclList -> DeclList Decl
Type -> void
Formals -> 
StmtList ->
Type -> class identifier
Variable -> Type identifier
VariableDecl -> Variable ;
Stmt -> VariableDecl
StmtList -> StmtList Stmt
Constant -> stringConstant
Expr -> Constant
ExprList -> Expr
PrintStmt -> Print ( ExprList )
Stmt -> PrintStmt ;
StmtList -> StmtList Stmt
OptReceiver ->
LValue -> OptReceiver identifier
Expr -> New ( identifier )
SimpleStmt -> LValue = Expr
Stmt -> SimpleStmt ;
StmtList -> StmtList Stmt
OptReceiver ->
LValue -> OptReceiver identifier
Expr -> LValue
OptReceiver -> Expr .
Actuals ->
Call -> OptReceiver identifier ( Actuals )
Expr -> Call
SimpleStmt -> Expr
Stmt -> SimpleStmt ;
StmtList -> StmtList Stmt
OptReceiver ->
LValue -> OptReceiver identifier
Expr -> LValue
OptReceiver -> Expr .
Actuals ->
Call -> OptReceiver identifier ( Actuals )
Expr -> Call
SimpleStmt -> Expr
Stmt -> SimpleStmt ;
StmtList -> StmtList Stmt
OptReceiver ->
LValue -> OptReceiver identifier
Expr -> LValue
OptReceiver -> Expr .
Actuals ->
Call -> OptReceiver identifier ( Actuals )
Expr -> Call
SimpleStmt -> Expr
Stmt -> SimpleStmt ;
StmtList -> StmtList Stmt
Constant -> stringConstant
Expr -> Constant
ExprList -> Expr
PrintStmt -> Print ( ExprList )
Stmt -> PrintStmt ;
StmtList -> StmtList Stmt
OptReceiver ->
LValue -> OptReceiver identifier
Expr -> New ( identifier )
SimpleStmt -> LValue = Expr
Stmt -> SimpleStmt ;
StmtList -> StmtList Stmt
OptReceiver ->
LValue -> OptReceiver identifier
Expr -> LValue
OptReceiver -> Expr .
Actuals ->
Call -> OptReceiver identifier ( Actuals )
Expr -> Call
SimpleStmt -> Expr
Stmt -> SimpleStmt ;
StmtList -> StmtList Stmt
OptReceiver ->
LValue -> OptReceiver identifier
Expr -> LValue
OptReceiver -> Expr .
Actuals ->
Call -> OptReceiver identifier ( Actuals )
Expr -> Call
SimpleStmt -> Expr
Stmt -> SimpleStmt ;
StmtList -> StmtList Stmt
OptReceiver ->
LValue -> OptReceiver identifier
Expr -> LValue
OptReceiver -> Expr .
Actuals ->
Call -> OptReceiver identifier ( Actuals )
Expr -> Call
SimpleStmt -> Expr
Stmt -> SimpleStmt ;
StmtList -> StmtList Stmt
StmtBlock -> { StmtList }
FunctionDefn -> Type identifier ( Formals ) StmtBlock
Decl -> FunctionDefn
DeclList -> DeclList Decl
Program -> DeclList
